Exporting package to 'C:\Documents and Settings\est292\Desktop\Exemplo.xml'
Retrieving data for export: diagram elements
Retrieving data for export: links
Retrieving data for export: constraints
Retrieving data for export: attribute tagged values
Retrieving data for export: operation tagged values
Retrieving data for export: operation parameter tagged values
Retrieving data for export: connector tagged values
Completed data retrieval
Pre-processing export tree...
Completed pre-processing
Processing package: System
Element:0: Class2
Element:1: Class3
Element:2: Class1
Element:3: Interface1
Diagram: System
Adding State-Tables
Formatting output XML...please wait
XMI Document Export Complete!
